<?xml version="1.0" encoding="UTF-8"?>
<testng-results skipped="0" failed="0" total="1" passed="1">
  <reporter-output>
  </reporter-output>
  <suite name="Suite" duration-ms="14027" started-at="2016-05-04T16:33:35Z" finished-at="2016-05-04T16:33:49Z">
    <groups>
    </groups>
    <test name="Test" duration-ms="14027" started-at="2016-05-04T16:33:35Z" finished-at="2016-05-04T16:33:49Z">
      <class name="com.dakinfotech.maventutorialtutor.TutorialsPoint">
        <test-method status="PASS" signature="test1()[pri:0, instance:com.dakinfotech.maventutorialtutor.TutorialsPoint@61443d8f]" name="test1" duration-ms="14005" started-at="2016-05-04T22:03:35Z" finished-at="2016-05-04T22:03:49Z">
          <reporter-output>
          </reporter-output>
        </test-method> <!-- test1 -->
      </class> <!-- com.dakinfotech.maventutorialtutor.TutorialsPoint -->
    </test> <!-- Test -->
  </suite> <!-- Suite -->
</testng-results>
