<?xml version="1.0" encoding="UTF-8"?>
<!-- Generated by org.testng.reporters.JUnitXMLReporter -->
<testsuite hostname="Mukil" name="Test" tests="6" failures="0" timestamp="11 May 2016 06:16:04 GMT" time="111.59" errors="0">
  <testcase name="test1" time="17.233" classname="com.dakinfotech.maventutorialtutor.TutorialsPoint"/>
  <testcase name="listfunc" time="0.002" classname="com.dakinfotech.maventutorialtutor.Listtest"/>
  <testcase name="regtest" time="19.552" classname="com.dakinfotech.maventutorialtutor.FlightBooking"/>
  <testcase name="regtest" time="19.087" classname="com.dakinfotech.maventutorialtutor.FlightBooking"/>
  <testcase name="flightbooking" time="28.784" classname="com.dakinfotech.maventutorialtutor.FlightBooking"/>
  <testcase name="flightbooking" time="26.481" classname="com.dakinfotech.maventutorialtutor.FlightBooking"/>
</testsuite> <!-- Test -->
