<?xml version="1.0" encoding="UTF-8"?>
<testng-results skipped="0" failed="0" total="2" passed="2">
  <reporter-output>
  </reporter-output>
  <suite name="Suite" duration-ms="21934" started-at="2016-05-05T19:19:02Z" finished-at="2016-05-05T19:19:24Z">
    <groups>
    </groups>
    <test name="Test" duration-ms="21934" started-at="2016-05-05T19:19:02Z" finished-at="2016-05-05T19:19:24Z">
      <class name="com.dakinfotech.maventutorialtutor.Listtest">
        <test-method status="PASS" signature="listfunc()[pri:0, instance:com.dakinfotech.maventutorialtutor.Listtest@256216b3]" name="listfunc" duration-ms="8" started-at="2016-05-06T00:49:24Z" finished-at="2016-05-06T00:49:24Z">
          <reporter-output>
          </reporter-output>
        </test-method> <!-- listfunc -->
      </class> <!-- com.dakinfotech.maventutorialtutor.Listtest -->
      <class name="com.dakinfotech.maventutorialtutor.TutorialsPoint">
        <test-method status="PASS" signature="test1()[pri:0, instance:com.dakinfotech.maventutorialtutor.TutorialsPoint@66d33a]" name="test1" duration-ms="21907" started-at="2016-05-06T00:49:02Z" finished-at="2016-05-06T00:49:24Z">
          <reporter-output>
          </reporter-output>
        </test-method> <!-- test1 -->
      </class> <!-- com.dakinfotech.maventutorialtutor.TutorialsPoint -->
    </test> <!-- Test -->
  </suite> <!-- Suite -->
</testng-results>
