<?xml version="1.0" encoding="UTF-8"?>
<testng-results skipped="0" failed="0" total="6" passed="6">
  <reporter-output>
  </reporter-output>
  <suite name="Suite" duration-ms="111590" started-at="2016-05-11T06:14:12Z" finished-at="2016-05-11T06:16:04Z">
    <groups>
    </groups>
    <test name="Test" duration-ms="111590" started-at="2016-05-11T06:14:12Z" finished-at="2016-05-11T06:16:04Z">
      <class name="com.dakinfotech.maventutorialtutor.FlightBooking">
        <test-method status="PASS" signature="regtest(java.lang.String, java.lang.String, java.lang.String, java.lang.String, java.lang.String, java.lang.String, java.lang.String, java.lang.String, java.lang.String, java.lang.String, java.lang.String, java.lang.String, java.lang.String)[pri:0, instance:com.dakinfotech.maventutorialtutor.FlightBooking@4cdbe50f]" name="regtest" duration-ms="19552" started-at="2016-05-11T11:44:30Z" data-provider="Regiss" finished-at="2016-05-11T11:44:50Z">
          <params>
            <param index="0">
              <value>
                <![CDATA[Arun]]>
              </value>
            </param>
            <param index="1">
              <value>
                <![CDATA[Kumar]]>
              </value>
            </param>
            <param index="2">
              <value>
                <![CDATA[9884570793]]>
              </value>
            </param>
            <param index="3">
              <value>
                <![CDATA[arund87@gmail.com]]>
              </value>
            </param>
            <param index="4">
              <value>
                <![CDATA[Redhills]]>
              </value>
            </param>
            <param index="5">
              <value>
                <![CDATA[Villivakkam]]>
              </value>
            </param>
            <param index="6">
              <value>
                <![CDATA[Chennai]]>
              </value>
            </param>
            <param index="7">
              <value>
                <![CDATA[Tamilnadu]]>
              </value>
            </param>
            <param index="8">
              <value>
                <![CDATA[600040]]>
              </value>
            </param>
            <param index="9">
              <value>
                <![CDATA[INDIA]]>
              </value>
            </param>
            <param index="10">
              <value>
                <![CDATA[arund87@gmail.com]]>
              </value>
            </param>
            <param index="11">
              <value>
                <![CDATA[pass123]]>
              </value>
            </param>
            <param index="12">
              <value>
                <![CDATA[pass123]]>
              </value>
            </param>
          </params>
          <reporter-output>
          </reporter-output>
        </test-method> <!-- regtest -->
        <test-method status="PASS" signature="tearDown(org.testng.ITestResult)[pri:0, instance:com.dakinfotech.maventutorialtutor.FlightBooking@4cdbe50f]" name="tearDown" is-config="true" duration-ms="1" started-at="2016-05-11T11:44:50Z" finished-at="2016-05-11T11:44:50Z">
          <params>
            <param index="0">
              <value>
                <![CDATA[[TestResult name=regtest status=SUCCESS method=FlightBooking.regtest(java.lang.String, java.lang.String, java.lang.String, java.lang.String, java.lang.String, java.lang.String, java.lang.String, java.lang.String, java.lang.String, java.lang.String, java.lang.String, java.lang.String, java.lang.String)[pri:0, instance:com.dakinfotech.maventutorialtutor.FlightBooking@4cdbe50f] output={null}]]]>
              </value>
            </param>
          </params>
          <reporter-output>
          </reporter-output>
        </test-method> <!-- tearDown -->
        <test-method status="PASS" signature="regtest(java.lang.String, java.lang.String, java.lang.String, java.lang.String, java.lang.String, java.lang.String, java.lang.String, java.lang.String, java.lang.String, java.lang.String, java.lang.String, java.lang.String, java.lang.String)[pri:0, instance:com.dakinfotech.maventutorialtutor.FlightBooking@4cdbe50f]" name="regtest" duration-ms="19087" started-at="2016-05-11T11:44:50Z" data-provider="Regiss" finished-at="2016-05-11T11:45:09Z">
          <params>
            <param index="0">
              <value>
                <![CDATA[Venu]]>
              </value>
            </param>
            <param index="1">
              <value>
                <![CDATA[Gopal]]>
              </value>
            </param>
            <param index="2">
              <value>
                <![CDATA[9756478965]]>
              </value>
            </param>
            <param index="3">
              <value>
                <![CDATA[venugopal]]>
              </value>
            </param>
            <param index="4">
              <value>
                <![CDATA[Retteri]]>
              </value>
            </param>
            <param index="5">
              <value>
                <![CDATA[Madras]]>
              </value>
            </param>
            <param index="6">
              <value>
                <![CDATA[Chennai]]>
              </value>
            </param>
            <param index="7">
              <value>
                <![CDATA[Tamilnadu]]>
              </value>
            </param>
            <param index="8">
              <value>
                <![CDATA[600041]]>
              </value>
            </param>
            <param index="9">
              <value>
                <![CDATA[AUSTRALIA]]>
              </value>
            </param>
            <param index="10">
              <value>
                <![CDATA[venugopal@gmail.com]]>
              </value>
            </param>
            <param index="11">
              <value>
                <![CDATA[pass456]]>
              </value>
            </param>
            <param index="12">
              <value>
                <![CDATA[pass456]]>
              </value>
            </param>
          </params>
          <reporter-output>
          </reporter-output>
        </test-method> <!-- regtest -->
        <test-method status="PASS" signature="tearDown(org.testng.ITestResult)[pri:0, instance:com.dakinfotech.maventutorialtutor.FlightBooking@4cdbe50f]" name="tearDown" is-config="true" duration-ms="0" started-at="2016-05-11T11:45:09Z" finished-at="2016-05-11T11:45:09Z">
          <params>
            <param index="0">
              <value>
                <![CDATA[[TestResult name=regtest status=SUCCESS method=FlightBooking.regtest(java.lang.String, java.lang.String, java.lang.String, java.lang.String, java.lang.String, java.lang.String, java.lang.String, java.lang.String, java.lang.String, java.lang.String, java.lang.String, java.lang.String, java.lang.String)[pri:0, instance:com.dakinfotech.maventutorialtutor.FlightBooking@4cdbe50f] output={null}]]]>
              </value>
            </param>
          </params>
          <reporter-output>
          </reporter-output>
        </test-method> <!-- tearDown -->
        <test-method status="PASS" signature="flightbooking(java.lang.String, java.lang.String, java.lang.String, java.lang.String, java.lang.String, java.lang.String, java.lang.String, java.lang.String, java.lang.String, java.lang.String, java.lang.String, java.lang.String, java.lang.String, java.lang.String, java.lang.String, java.lang.String, java.lang.String, java.lang.String, java.lang.String, java.lang.String, java.lang.String, java.lang.String, java.lang.String, java.lang.String, java.lang.String, java.lang.String, java.lang.String, java.lang.String, java.lang.String, java.lang.String, java.lang.String, java.lang.String, java.lang.String, java.lang.String, java.lang.String, java.lang.String, java.lang.String, java.lang.String, java.lang.String)[pri:0, instance:com.dakinfotech.maventutorialtutor.FlightBooking@4cdbe50f]" name="flightbooking" duration-ms="28784" started-at="2016-05-11T11:45:09Z" data-provider="Flbook" finished-at="2016-05-11T11:45:38Z">
          <params>
            <param index="0">
              <value>
                <![CDATA[arund87@gmail.com]]>
              </value>
            </param>
            <param index="1">
              <value>
                <![CDATA[pass123]]>
              </value>
            </param>
            <param index="2">
              <value>
                <![CDATA[oneway]]>
              </value>
            </param>
            <param index="3">
              <value>
                <![CDATA[1]]>
              </value>
            </param>
            <param index="4">
              <value>
                <![CDATA[London]]>
              </value>
            </param>
            <param index="5">
              <value>
                <![CDATA[4]]>
              </value>
            </param>
            <param index="6">
              <value>
                <![CDATA[18]]>
              </value>
            </param>
            <param index="7">
              <value>
                <![CDATA[New York]]>
              </value>
            </param>
            <param index="8">
              <value>
                <![CDATA[5]]>
              </value>
            </param>
            <param index="9">
              <value>
                <![CDATA[24]]>
              </value>
            </param>
            <param index="10">
              <value>
                <![CDATA[First]]>
              </value>
            </param>
            <param index="11">
              <value>
                <![CDATA[Unified Airlines]]>
              </value>
            </param>
            <param index="12">
              <value>
                <![CDATA[Unified Airlines$363$281$11:24]]>
              </value>
            </param>
            <param index="13">
              <value>
                <![CDATA[Unified Airlines$633$303$18:44]]>
              </value>
            </param>
            <param index="14">
              <value>
                <![CDATA[ArunKumar]]>
              </value>
            </param>
            <param index="15">
              <value>
                <![CDATA[Deivakumar]]>
              </value>
            </param>
            <param index="16">
              <value>
                <![CDATA[Vegetarian]]>
              </value>
            </param>
            <param index="17">
              <value>
                <![CDATA[Visa]]>
              </value>
            </param>
            <param index="18">
              <value>
                <![CDATA[7845965812546325]]>
              </value>
            </param>
            <param index="19">
              <value>
                <![CDATA[09]]>
              </value>
            </param>
            <param index="20">
              <value>
                <![CDATA[2000]]>
              </value>
            </param>
            <param index="21">
              <value>
                <![CDATA[Arun]]>
              </value>
            </param>
            <param index="22">
              <value>
                <![CDATA[Kumar]]>
              </value>
            </param>
            <param index="23">
              <value>
                <![CDATA[Deivakumar]]>
              </value>
            </param>
            <param index="24">
              <value>
                <![CDATA[Redhills]]>
              </value>
            </param>
            <param index="25">
              <value>
                <![CDATA[Villivakkam]]>
              </value>
            </param>
            <param index="26">
              <value>
                <![CDATA[Chennai]]>
              </value>
            </param>
            <param index="27">
              <value>
                <![CDATA[Tamilnadu]]>
              </value>
            </param>
            <param index="28">
              <value>
                <![CDATA[600040]]>
              </value>
            </param>
            <param index="29">
              <value>
                <![CDATA[INDIA]]>
              </value>
            </param>
            <param index="30">
              <value>
                <![CDATA[NA]]>
              </value>
            </param>
            <param index="31">
              <value>
                <![CDATA[NA]]>
              </value>
            </param>
            <param index="32">
              <value>
                <![CDATA[NA]]>
              </value>
            </param>
            <param index="33">
              <value>
                <![CDATA[NA]]>
              </value>
            </param>
            <param index="34">
              <value>
                <![CDATA[NA]]>
              </value>
            </param>
            <param index="35">
              <value>
                <![CDATA[NA]]>
              </value>
            </param>
            <param index="36">
              <value>
                <![CDATA[NA]]>
              </value>
            </param>
            <param index="37">
              <value>
                <![CDATA[NA]]>
              </value>
            </param>
            <param index="38">
              <value>
                <![CDATA[NA]]>
              </value>
            </param>
          </params>
          <reporter-output>
          </reporter-output>
        </test-method> <!-- flightbooking -->
        <test-method status="PASS" signature="tearDown(org.testng.ITestResult)[pri:0, instance:com.dakinfotech.maventutorialtutor.FlightBooking@4cdbe50f]" name="tearDown" is-config="true" duration-ms="0" started-at="2016-05-11T11:45:38Z" finished-at="2016-05-11T11:45:38Z">
          <params>
            <param index="0">
              <value>
                <![CDATA[[TestResult name=flightbooking status=SUCCESS method=FlightBooking.flightbooking(java.lang.String, java.lang.String, java.lang.String, java.lang.String, java.lang.String, java.lang.String, java.lang.String, java.lang.String, java.lang.String, java.lang.String, java.lang.String, java.lang.String, java.lang.String, java.lang.String, java.lang.String, java.lang.String, java.lang.String, java.lang.String, java.lang.String, java.lang.String, java.lang.String, java.lang.String, java.lang.String, java.lang.String, java.lang.String, java.lang.String, java.lang.String, java.lang.String, java.lang.String, java.lang.String, java.lang.String, java.lang.String, java.lang.String, java.lang.String, java.lang.String, java.lang.String, java.lang.String, java.lang.String, java.lang.String)[pri:0, instance:com.dakinfotech.maventutorialtutor.FlightBooking@4cdbe50f] output={null}]]]>
              </value>
            </param>
          </params>
          <reporter-output>
          </reporter-output>
        </test-method> <!-- tearDown -->
        <test-method status="PASS" signature="flightbooking(java.lang.String, java.lang.String, java.lang.String, java.lang.String, java.lang.String, java.lang.String, java.lang.String, java.lang.String, java.lang.String, java.lang.String, java.lang.String, java.lang.String, java.lang.String, java.lang.String, java.lang.String, java.lang.String, java.lang.String, java.lang.String, java.lang.String, java.lang.String, java.lang.String, java.lang.String, java.lang.String, java.lang.String, java.lang.String, java.lang.String, java.lang.String, java.lang.String, java.lang.String, java.lang.String, java.lang.String, java.lang.String, java.lang.String, java.lang.String, java.lang.String, java.lang.String, java.lang.String, java.lang.String, java.lang.String)[pri:0, instance:com.dakinfotech.maventutorialtutor.FlightBooking@4cdbe50f]" name="flightbooking" duration-ms="26481" started-at="2016-05-11T11:45:38Z" data-provider="Flbook" finished-at="2016-05-11T11:46:04Z">
          <params>
            <param index="0">
              <value>
                <![CDATA[venugopal@gmail.com]]>
              </value>
            </param>
            <param index="1">
              <value>
                <![CDATA[pass456]]>
              </value>
            </param>
            <param index="2">
              <value>
                <![CDATA[oneway]]>
              </value>
            </param>
            <param index="3">
              <value>
                <![CDATA[2]]>
              </value>
            </param>
            <param index="4">
              <value>
                <![CDATA[London]]>
              </value>
            </param>
            <param index="5">
              <value>
                <![CDATA[5]]>
              </value>
            </param>
            <param index="6">
              <value>
                <![CDATA[19]]>
              </value>
            </param>
            <param index="7">
              <value>
                <![CDATA[New York]]>
              </value>
            </param>
            <param index="8">
              <value>
                <![CDATA[6]]>
              </value>
            </param>
            <param index="9">
              <value>
                <![CDATA[25]]>
              </value>
            </param>
            <param index="10">
              <value>
                <![CDATA[First]]>
              </value>
            </param>
            <param index="11">
              <value>
                <![CDATA[Unified Airlines]]>
              </value>
            </param>
            <param index="12">
              <value>
                <![CDATA[Unified Airlines$363$281$11:24]]>
              </value>
            </param>
            <param index="13">
              <value>
                <![CDATA[Unified Airlines$633$303$18:44]]>
              </value>
            </param>
            <param index="14">
              <value>
                <![CDATA[Venugopal]]>
              </value>
            </param>
            <param index="15">
              <value>
                <![CDATA[Ram]]>
              </value>
            </param>
            <param index="16">
              <value>
                <![CDATA[Vegetarian]]>
              </value>
            </param>
            <param index="17">
              <value>
                <![CDATA[Visa]]>
              </value>
            </param>
            <param index="18">
              <value>
                <![CDATA[1160592150245224]]>
              </value>
            </param>
            <param index="19">
              <value>
                <![CDATA[08]]>
              </value>
            </param>
            <param index="20">
              <value>
                <![CDATA[2001]]>
              </value>
            </param>
            <param index="21">
              <value>
                <![CDATA[Dinesh]]>
              </value>
            </param>
            <param index="22">
              <value>
                <![CDATA[Babu]]>
              </value>
            </param>
            <param index="23">
              <value>
                <![CDATA[Dino]]>
              </value>
            </param>
            <param index="24">
              <value>
                <![CDATA[Annanagar]]>
              </value>
            </param>
            <param index="25">
              <value>
                <![CDATA[Madras]]>
              </value>
            </param>
            <param index="26">
              <value>
                <![CDATA[Chennai]]>
              </value>
            </param>
            <param index="27">
              <value>
                <![CDATA[Tamilnadu]]>
              </value>
            </param>
            <param index="28">
              <value>
                <![CDATA[600052]]>
              </value>
            </param>
            <param index="29">
              <value>
                <![CDATA[INDIA]]>
              </value>
            </param>
            <param index="30">
              <value>
                <![CDATA[Ram]]>
              </value>
            </param>
            <param index="31">
              <value>
                <![CDATA[Varma]]>
              </value>
            </param>
            <param index="32">
              <value>
                <![CDATA[Hindu]]>
              </value>
            </param>
            <param index="33">
              <value>
                <![CDATA[NA]]>
              </value>
            </param>
            <param index="34">
              <value>
                <![CDATA[NA]]>
              </value>
            </param>
            <param index="35">
              <value>
                <![CDATA[NA]]>
              </value>
            </param>
            <param index="36">
              <value>
                <![CDATA[NA]]>
              </value>
            </param>
            <param index="37">
              <value>
                <![CDATA[NA]]>
              </value>
            </param>
            <param index="38">
              <value>
                <![CDATA[NA]]>
              </value>
            </param>
          </params>
          <reporter-output>
          </reporter-output>
        </test-method> <!-- flightbooking -->
        <test-method status="PASS" signature="tearDown(org.testng.ITestResult)[pri:0, instance:com.dakinfotech.maventutorialtutor.FlightBooking@4cdbe50f]" name="tearDown" is-config="true" duration-ms="0" started-at="2016-05-11T11:46:04Z" finished-at="2016-05-11T11:46:04Z">
          <params>
            <param index="0">
              <value>
                <![CDATA[[TestResult name=flightbooking status=SUCCESS method=FlightBooking.flightbooking(java.lang.String, java.lang.String, java.lang.String, java.lang.String, java.lang.String, java.lang.String, java.lang.String, java.lang.String, java.lang.String, java.lang.String, java.lang.String, java.lang.String, java.lang.String, java.lang.String, java.lang.String, java.lang.String, java.lang.String, java.lang.String, java.lang.String, java.lang.String, java.lang.String, java.lang.String, java.lang.String, java.lang.String, java.lang.String, java.lang.String, java.lang.String, java.lang.String, java.lang.String, java.lang.String, java.lang.String, java.lang.String, java.lang.String, java.lang.String, java.lang.String, java.lang.String, java.lang.String, java.lang.String, java.lang.String)[pri:0, instance:com.dakinfotech.maventutorialtutor.FlightBooking@4cdbe50f] output={null}]]]>
              </value>
            </param>
          </params>
          <reporter-output>
          </reporter-output>
        </test-method> <!-- tearDown -->
      </class> <!-- com.dakinfotech.maventutorialtutor.FlightBooking -->
      <class name="com.dakinfotech.maventutorialtutor.Listtest">
        <test-method status="PASS" signature="listfunc()[pri:0, instance:com.dakinfotech.maventutorialtutor.Listtest@3cb5cdba]" name="listfunc" duration-ms="2" started-at="2016-05-11T11:44:30Z" finished-at="2016-05-11T11:44:30Z">
          <reporter-output>
          </reporter-output>
        </test-method> <!-- listfunc -->
      </class> <!-- com.dakinfotech.maventutorialtutor.Listtest -->
      <class name="com.dakinfotech.maventutorialtutor.TutorialsPoint">
        <test-method status="PASS" signature="test1()[pri:0, instance:com.dakinfotech.maventutorialtutor.TutorialsPoint@56cbfb61]" name="test1" duration-ms="17233" started-at="2016-05-11T11:44:13Z" finished-at="2016-05-11T11:44:30Z">
          <reporter-output>
          </reporter-output>
        </test-method> <!-- test1 -->
      </class> <!-- com.dakinfotech.maventutorialtutor.TutorialsPoint -->
    </test> <!-- Test -->
  </suite> <!-- Suite -->
</testng-results>
