<?xml version="1.0" encoding="UTF-8"?>
<!-- Generated by org.testng.reporters.JUnitXMLReporter -->
<testsuite hostname="Mukil" name="Test" tests="6" failures="0" timestamp="11 May 2016 06:27:12 GMT" time="109.822" errors="0">
  <testcase name="test1" time="18.564" classname="com.dakinfotech.maventutorialtutor.TutorialsPoint"/>
  <testcase name="listfunc" time="0.008" classname="com.dakinfotech.maventutorialtutor.Listtest"/>
  <testcase name="regtest" time="18.424" classname="com.dakinfotech.maventutorialtutor.FlightBooking"/>
  <testcase name="regtest" time="19.05" classname="com.dakinfotech.maventutorialtutor.FlightBooking"/>
  <testcase name="flightbooking" time="26.865" classname="com.dakinfotech.maventutorialtutor.FlightBooking"/>
  <testcase name="flightbooking" time="26.595" classname="com.dakinfotech.maventutorialtutor.FlightBooking"/>
</testsuite> <!-- Test -->
